{
  "RSpec": {
    "coverage": {
      "/Users/student/Documents/base/Course/week-4/week4/daily_diary_app/spec/diary_spec.rb": {
        "lines": [
          1,
          null,
          1,
          1,
          1,
          null,
          0,
          0,
          null,
          null
        ]
      },
      "/Users/student/Documents/base/Course/week-4/week4/daily_diary_app/lib/diary.rb": {
        "lines": [
          1,
          null,
          1,
          1,
          1,
          1,
          1,
          null,
          null
        ]
      },
      "/Users/student/Documents/base/Course/week-4/week4/daily_diary_app/spec/features/view_home_page_spec.rb": {
        "lines": [
          1,
          1,
          1,
          1,
          null,
          null
        ]
      }
    },
    "timestamp": 1596103725
  }
}
