{
  "RSpec": {
    "coverage": {
      "/Users/student/Documents/base/Course/week-4/week4/daily_diary_app/spec/diary_spec.rb": {
        "lines": [
          1,
          1,
          null,
          1,
          1,
          1,
          null,
          1,
          1,
          null,
          1,
          null,
          1,
          1,
          1,
          1,
          null,
          null,
          1,
          1,
          1,
          1,
          null,
          1,
          1,
          1,
          null,
          null,
          null
        ]
      },
      "/Users/student/Documents/base/Course/week-4/week4/daily_diary_app/spec/database_helpers.rb": {
        "lines": [
          1,
          null,
          1,
          1,
          1,
          1,
          null
        ]
      },
      "/Users/student/Documents/base/Course/week-4/week4/daily_diary_app/spec/features/adding_entry_spec.rb": {
        "lines": [
          1,
          1,
          1,
          1,
          1,
          1,
          null,
          null
        ]
      },
      "/Users/student/Documents/base/Course/week-4/week4/daily_diary_app/spec/features/view_home_page_spec.rb": {
        "lines": [
          1,
          1,
          1,
          1,
          null,
          null
        ]
      },
      "/Users/student/Documents/base/Course/week-4/week4/daily_diary_app/spec/features/viewing_entries_spec.rb": {
        "lines": [
          1,
          null,
          1,
          1,
          1,
          1,
          1,
          1,
          1,
          null,
          null
        ]
      }
    },
    "timestamp": 1596185833
  }
}
